[2021-08-31 19:56:10,035: INFO/MainProcess] beat: Starting...
[2021-08-31 19:56:20,058: INFO/MainProcess] Scheduler: Sending due task print-message-ten-seconds (print_msg_main)
[2021-08-31 19:56:30,045: INFO/MainProcess] Scheduler: Sending due task print-time-twenty-seconds (print_time)
[2021-08-31 19:56:30,048: INFO/MainProcess] Scheduler: Sending due task print-message-ten-seconds (print_msg_main)
[2021-08-31 19:56:40,048: INFO/MainProcess] Scheduler: Sending due task print-message-ten-seconds (print_msg_main)
[2021-08-31 19:56:50,045: INFO/MainProcess] Scheduler: Sending due task calculate-forty-seconds (get_calculation)
[2021-08-31 19:56:50,048: INFO/MainProcess] Scheduler: Sending due task print-time-twenty-seconds (print_time)
[2021-08-31 19:56:50,051: INFO/MainProcess] Scheduler: Sending due task print-message-ten-seconds (print_msg_main)
[2021-08-31 19:57:00,051: INFO/MainProcess] Scheduler: Sending due task print-message-ten-seconds (print_msg_main)
[2021-08-31 19:57:10,048: INFO/MainProcess] Scheduler: Sending due task print-time-twenty-seconds (print_time)
[2021-08-31 19:57:10,051: INFO/MainProcess] Scheduler: Sending due task print-message-ten-seconds (print_msg_main)
[2021-08-31 19:57:20,051: INFO/MainProcess] Scheduler: Sending due task print-message-ten-seconds (print_msg_main)
[2021-08-31 19:57:30,045: INFO/MainProcess] Scheduler: Sending due task calculate-forty-seconds (get_calculation)
[2021-08-31 19:57:30,050: INFO/MainProcess] Scheduler: Sending due task print-time-twenty-seconds (print_time)
[2021-08-31 19:57:30,053: INFO/MainProcess] Scheduler: Sending due task print-message-ten-seconds (print_msg_main)
[2021-08-31 19:57:40,053: INFO/MainProcess] Scheduler: Sending due task print-message-ten-seconds (print_msg_main)
[2021-08-31 19:57:50,050: INFO/MainProcess] Scheduler: Sending due task print-time-twenty-seconds (print_time)
[2021-08-31 19:57:50,053: INFO/MainProcess] Scheduler: Sending due task print-message-ten-seconds (print_msg_main)
[2021-08-31 19:58:00,053: INFO/MainProcess] Scheduler: Sending due task print-message-ten-seconds (print_msg_main)
[2021-08-31 19:58:10,045: INFO/MainProcess] Scheduler: Sending due task calculate-forty-seconds (get_calculation)
[2021-08-31 19:58:10,050: INFO/MainProcess] Scheduler: Sending due task print-time-twenty-seconds (print_time)
[2021-08-31 19:58:10,053: INFO/MainProcess] Scheduler: Sending due task print-message-ten-seconds (print_msg_main)
[2021-08-31 19:58:20,053: INFO/MainProcess] Scheduler: Sending due task print-message-ten-seconds (print_msg_main)
[2021-08-31 19:58:30,050: INFO/MainProcess] Scheduler: Sending due task print-time-twenty-seconds (print_time)
[2021-08-31 19:58:30,053: INFO/MainProcess] Scheduler: Sending due task print-message-ten-seconds (print_msg_main)
[2021-08-31 19:58:40,053: INFO/MainProcess] Scheduler: Sending due task print-message-ten-seconds (print_msg_main)
[2021-08-31 19:58:50,045: INFO/MainProcess] Scheduler: Sending due task calculate-forty-seconds (get_calculation)
[2021-08-31 19:58:50,050: INFO/MainProcess] Scheduler: Sending due task print-time-twenty-seconds (print_time)
[2021-08-31 19:58:50,053: INFO/MainProcess] Scheduler: Sending due task print-message-ten-seconds (print_msg_main)
[2021-08-31 19:59:00,054: INFO/MainProcess] Scheduler: Sending due task print-message-ten-seconds (print_msg_main)
[2021-08-31 19:59:10,050: INFO/MainProcess] Scheduler: Sending due task print-time-twenty-seconds (print_time)
[2021-08-31 19:59:10,054: INFO/MainProcess] Scheduler: Sending due task print-message-ten-seconds (print_msg_main)
[2021-08-31 19:59:20,054: INFO/MainProcess] Scheduler: Sending due task print-message-ten-seconds (print_msg_main)
[2021-08-31 19:59:30,046: INFO/MainProcess] Scheduler: Sending due task calculate-forty-seconds (get_calculation)
[2021-08-31 19:59:30,051: INFO/MainProcess] Scheduler: Sending due task print-time-twenty-seconds (print_time)
[2021-08-31 19:59:30,054: INFO/MainProcess] Scheduler: Sending due task print-message-ten-seconds (print_msg_main)
[2021-08-31 19:59:40,054: INFO/MainProcess] Scheduler: Sending due task print-message-ten-seconds (print_msg_main)
[2021-08-31 19:59:50,051: INFO/MainProcess] Scheduler: Sending due task print-time-twenty-seconds (print_time)
[2021-08-31 19:59:50,055: INFO/MainProcess] Scheduler: Sending due task print-message-ten-seconds (print_msg_main)
[2021-08-31 20:00:00,055: INFO/MainProcess] Scheduler: Sending due task print-message-ten-seconds (print_msg_main)
[2021-08-31 20:00:10,046: INFO/MainProcess] Scheduler: Sending due task calculate-forty-seconds (get_calculation)
[2021-08-31 20:00:10,053: INFO/MainProcess] Scheduler: Sending due task print-time-twenty-seconds (print_time)
[2021-08-31 20:00:10,055: INFO/MainProcess] Scheduler: Sending due task print-message-ten-seconds (print_msg_main)
[2021-08-31 20:00:20,055: INFO/MainProcess] Scheduler: Sending due task print-message-ten-seconds (print_msg_main)
[2021-08-31 21:41:22,923: INFO/MainProcess] beat: Starting...
[2021-08-31 21:41:42,948: INFO/MainProcess] Scheduler: Sending due task add_new_data_to_db_twenty_seconds (add_new_data_to_db)
[2021-08-31 21:42:02,935: INFO/MainProcess] Scheduler: Sending due task add_new_data_to_db_twenty_seconds (add_new_data_to_db)
[2021-08-31 23:45:48,236: INFO/MainProcess] beat: Starting...
[2021-08-31 23:45:58,268: INFO/MainProcess] Scheduler: Sending due task add_new_data_to_db_ten_seconds (add_new_data_to_db)
[2021-08-31 23:46:08,257: INFO/MainProcess] Scheduler: Sending due task add_new_data_to_db_ten_seconds (add_new_data_to_db)
[2021-08-31 23:46:18,257: INFO/MainProcess] Scheduler: Sending due task add_new_data_to_db_ten_seconds (add_new_data_to_db)
[2021-08-31 23:46:28,257: INFO/MainProcess] Scheduler: Sending due task add_new_data_to_db_ten_seconds (add_new_data_to_db)
[2021-08-31 23:46:38,257: INFO/MainProcess] Scheduler: Sending due task add_new_data_to_db_ten_seconds (add_new_data_to_db)
[2021-08-31 23:46:48,258: INFO/MainProcess] Scheduler: Sending due task add_new_data_to_db_ten_seconds (add_new_data_to_db)
[2021-08-31 23:46:58,258: INFO/MainProcess] Scheduler: Sending due task add_new_data_to_db_ten_seconds (add_new_data_to_db)
[2021-08-31 23:47:08,258: INFO/MainProcess] Scheduler: Sending due task add_new_data_to_db_ten_seconds (add_new_data_to_db)
[2021-08-31 23:47:18,258: INFO/MainProcess] Scheduler: Sending due task add_new_data_to_db_ten_seconds (add_new_data_to_db)
[2021-08-31 23:47:28,258: INFO/MainProcess] Scheduler: Sending due task add_new_data_to_db_ten_seconds (add_new_data_to_db)
[2021-08-31 23:47:38,258: INFO/MainProcess] Scheduler: Sending due task add_new_data_to_db_ten_seconds (add_new_data_to_db)
[2021-08-31 23:47:48,258: INFO/MainProcess] Scheduler: Sending due task add_new_data_to_db_ten_seconds (add_new_data_to_db)
[2021-08-31 23:47:58,730: INFO/MainProcess] beat: Starting...
[2021-08-31 23:48:08,743: INFO/MainProcess] Scheduler: Sending due task add_new_data_to_db_ten_seconds (add_new_data_to_db)
[2021-08-31 23:48:18,733: INFO/MainProcess] Scheduler: Sending due task add_new_data_to_db_ten_seconds (add_new_data_to_db)
[2021-09-01 17:58:31,609: INFO/MainProcess] beat: Starting...
